Start testing: May 04 12:54 中国标准时间
----------------------------------------------------------
1/30 Testing: test_smoke
1/30 Test: test_smoke
Command: "C:/Workspace/Repositories/study/aicode/mslang-c/build_stats/tests/Debug/test_smoke.exe"
Directory: C:/Workspace/Repositories/study/aicode/mslang-c/build_stats/tests
"test_smoke" start time: May 04 12:54 中国标准时间
Output:
----------------------------------------------------------
test_smoke: all passed
<end of output>
Test time =   0.56 sec
----------------------------------------------------------
Test Passed.
"test_smoke" end time: May 04 12:54 中国标准时间
"test_smoke" time elapsed: 00:00:00
----------------------------------------------------------

2/30 Testing: test_value
2/30 Test: test_value
Command: "C:/Workspace/Repositories/study/aicode/mslang-c/build_stats/tests/Debug/test_value.exe"
Directory: C:/Workspace/Repositories/study/aicode/mslang-c/build_stats/tests
"test_value" start time: May 04 12:54 中国标准时间
Output:
----------------------------------------------------------
test_value: all passed
<end of output>
Test time =   0.56 sec
----------------------------------------------------------
Test Passed.
"test_value" end time: May 04 12:54 中国标准时间
"test_value" time elapsed: 00:00:00
----------------------------------------------------------

3/30 Testing: test_table
3/30 Test: test_table
Command: "C:/Workspace/Repositories/study/aicode/mslang-c/build_stats/tests/Debug/test_table.exe"
Directory: C:/Workspace/Repositories/study/aicode/mslang-c/build_stats/tests
"test_table" start time: May 04 12:54 中国标准时间
Output:
----------------------------------------------------------
test_table: all passed
<end of output>
Test time =   0.52 sec
----------------------------------------------------------
Test Passed.
"test_table" end time: May 04 12:54 中国标准时间
"test_table" time elapsed: 00:00:00
----------------------------------------------------------

4/30 Testing: test_object_string
4/30 Test: test_object_string
Command: "C:/Workspace/Repositories/study/aicode/mslang-c/build_stats/tests/Debug/test_object_string.exe"
Directory: C:/Workspace/Repositories/study/aicode/mslang-c/build_stats/tests
"test_object_string" start time: May 04 12:54 中国标准时间
Output:
----------------------------------------------------------
test_object_string: all passed
<end of output>
Test time =   0.58 sec
----------------------------------------------------------
Test Passed.
"test_object_string" end time: May 04 12:54 中国标准时间
"test_object_string" time elapsed: 00:00:00
----------------------------------------------------------

5/30 Testing: test_base_objects
5/30 Test: test_base_objects
Command: "C:/Workspace/Repositories/study/aicode/mslang-c/build_stats/tests/Debug/test_base_objects.exe"
Directory: C:/Workspace/Repositories/study/aicode/mslang-c/build_stats/tests
"test_base_objects" start time: May 04 12:54 中国标准时间
Output:
----------------------------------------------------------
test_base_objects: all passed
<end of output>
Test time =   0.54 sec
----------------------------------------------------------
Test Passed.
"test_base_objects" end time: May 04 12:54 中国标准时间
"test_base_objects" time elapsed: 00:00:00
----------------------------------------------------------

6/30 Testing: test_chunk
6/30 Test: test_chunk
Command: "C:/Workspace/Repositories/study/aicode/mslang-c/build_stats/tests/Debug/test_chunk.exe"
Directory: C:/Workspace/Repositories/study/aicode/mslang-c/build_stats/tests
"test_chunk" start time: May 04 12:54 中国标准时间
Output:
----------------------------------------------------------
test_chunk: all passed
<end of output>
Test time =   0.54 sec
----------------------------------------------------------
Test Passed.
"test_chunk" end time: May 04 12:54 中国标准时间
"test_chunk" time elapsed: 00:00:00
----------------------------------------------------------

7/30 Testing: test_debug
7/30 Test: test_debug
Command: "C:/Workspace/Repositories/study/aicode/mslang-c/build_stats/tests/Debug/test_debug.exe"
Directory: C:/Workspace/Repositories/study/aicode/mslang-c/build_stats/tests
"test_debug" start time: May 04 12:54 中国标准时间
Output:
----------------------------------------------------------
=== test ===
0000    1 LOADK        R(0)  K(0) ; 42
0001    | ADD          R(2)  R(0) R(1)
0002    2 JMP          -2
0003    | RETURN       R(0)  count=0
0000    1 LOADTRUE     R(0)
0001    | RETURN       R(0)  count=1
test_debug: all passed
<end of output>
Test time =   0.53 sec
----------------------------------------------------------
Test Passed.
"test_debug" end time: May 04 12:54 中国标准时间
"test_debug" time elapsed: 00:00:00
----------------------------------------------------------

8/30 Testing: test_scanner
8/30 Test: test_scanner
Command: "C:/Workspace/Repositories/study/aicode/mslang-c/build_stats/tests/Debug/test_scanner.exe"
Directory: C:/Workspace/Repositories/study/aicode/mslang-c/build_stats/tests
"test_scanner" start time: May 04 12:54 中国标准时间
Output:
----------------------------------------------------------
All scanner tests passed.
<end of output>
Test time =   0.56 sec
----------------------------------------------------------
Test Passed.
"test_scanner" end time: May 04 12:54 中国标准时间
"test_scanner" time elapsed: 00:00:00
----------------------------------------------------------

9/30 Testing: test_scanner_interp
9/30 Test: test_scanner_interp
Command: "C:/Workspace/Repositories/study/aicode/mslang-c/build_stats/tests/Debug/test_scanner_interp.exe"
Directory: C:/Workspace/Repositories/study/aicode/mslang-c/build_stats/tests
"test_scanner_interp" start time: May 04 12:54 中国标准时间
Output:
----------------------------------------------------------
test_scanner_interp: all passed
<end of output>
Test time =   0.53 sec
----------------------------------------------------------
Test Passed.
"test_scanner_interp" end time: May 04 12:54 中国标准时间
"test_scanner_interp" time elapsed: 00:00:00
----------------------------------------------------------

10/30 Testing: test_compiler_expr
10/30 Test: test_compiler_expr
Command: "C:/Workspace/Repositories/study/aicode/mslang-c/build_stats/tests/Debug/test_compiler_expr.exe"
Directory: C:/Workspace/Repositories/study/aicode/mslang-c/build_stats/tests
"test_compiler_expr" start time: May 04 12:54 中国标准时间
Output:
----------------------------------------------------------
=== constant_fold ===
0000    1 GETGLOBAL    R(0)  K(0) ; print
0001    | LOADK        R(1)  K(2) ; 3
0002    | CALL         R(0)  args=0 rets=0
0003    | RETURN       R(0)  count=-1
=== unary ===
0000    1 GETGLOBAL    R(0)  K(0) ; print
0001    | LOADK        R(1)  K(1) ; -5
0002    | CALL         R(0)  args=0 rets=0
0003    | RETURN       R(0)  count=-1
test_compiler_expr: all passed
<end of output>
Test time =   0.55 sec
----------------------------------------------------------
Test Passed.
"test_compiler_expr" end time: May 04 12:54 中国标准时间
"test_compiler_expr" time elapsed: 00:00:00
----------------------------------------------------------

11/30 Testing: test_compiler_vars
11/30 Test: test_compiler_vars
Command: "C:/Workspace/Repositories/study/aicode/mslang-c/build_stats/tests/Debug/test_compiler_vars.exe"
Directory: C:/Workspace/Repositories/study/aicode/mslang-c/build_stats/tests
"test_compiler_vars" start time: May 04 12:54 中国标准时间
Output:
----------------------------------------------------------
=== global_var ===
0000    1 LOADK        R(0)  K(0) ; 10
0001    | DEFGLOBAL    R(0)  K(1) ; x
0002    2 GETGLOBAL    R(0)  K(2) ; print
0003    | GETGLOBAL    R(1)  K(1) ; x
0004    | CALL         R(0)  args=0 rets=0
0005    | RETURN       R(0)  count=-1
=== local_scope ===
0000    1 LOADK        R(0)  K(0) ; 1
0001    2 LOADK        R(1)  K(1) ; 2
0002    | RETURN       R(0)  count=-1
test_compiler_vars: all passed
<end of output>
Test time =   0.56 sec
----------------------------------------------------------
Test Passed.
"test_compiler_vars" end time: May 04 12:54 中国标准时间
"test_compiler_vars" time elapsed: 00:00:00
----------------------------------------------------------

12/30 Testing: test_compiler_stmts
12/30 Test: test_compiler_stmts
Command: "C:/Workspace/Repositories/study/aicode/mslang-c/build_stats/tests/Debug/test_compiler_stmts.exe"
Directory: C:/Workspace/Repositories/study/aicode/mslang-c/build_stats/tests
"test_compiler_stmts" start time: May 04 12:54 中国标准时间
Output:
----------------------------------------------------------
=== if_else ===
0000    1 LOADTRUE     R(0)
0001    | TEST         R(0)  R(0) R(0)
0002    | JMP          +4
0003    | GETGLOBAL    R(0)  K(0) ; print
0004    | LOADK        R(1)  K(1) ; 1
0005    | CALL         R(0)  args=0 rets=0
0006    | JMP          +3
0007    | GETGLOBAL    R(0)  K(2) ; print
0008    | LOADK        R(1)  K(3) ; 2
0009    | CALL         R(0)  args=0 rets=0
0010    | RETURN       R(0)  count=-1
=== while ===
0000    1 LOADK        R(0)  K(0) ; 0
0001    | DEFGLOBAL    R(0)  K(1) ; i
0002    2 GETGLOBAL    R(0)  K(1) ; i
0003    | LOADK        R(1)  K(2) ; 3
0004    | LT           R(0)  R(0) R(1)
0005    | TEST         R(0)  R(0) R(0)
0006    | JMP          +5
0007    | GETGLOBAL    R(0)  K(1) ; i
0008    | LOADK        R(1)  K(3) ; 1
0009    | ADD          R(0)  R(0) R(1)
0010    | SETGLOBAL    R(0)  K(1) ; i
0011    | JMP          -10
0012    | RETURN       R(0)  count=-1
=== fun_decl ===
0000    1 CLOSURE      R(0)  proto[0]
0001    | DEFGLOBAL    R(0)  K(1) ; add
0002    | RETURN       R(0)  count=-1
test_compiler_stmts: all passed
<end of output>
Test time =   0.59 sec
----------------------------------------------------------
Test Passed.
"test_compiler_stmts" end time: May 04 12:54 中国标准时间
"test_compiler_stmts" time elapsed: 00:00:00
----------------------------------------------------------

13/30 Testing: test_vm_basic
13/30 Test: test_vm_basic
Command: "C:/Workspace/Repositories/study/aicode/mslang-c/build_stats/tests/Debug/test_vm_basic.exe"
Directory: C:/Workspace/Repositories/study/aicode/mslang-c/build_stats/tests
"test_vm_basic" start time: May 04 12:54 中国标准时间
Output:
----------------------------------------------------------
RuntimeError: Undefined variable 'z'.
  [line 1] in <script>
[line 1] Error: Expected function name.
[line 1] Error: Expected parameter name.
3
6
12
2.5
1
-7
30
1
1
0
1
2
25
hello world
true
true
true
true
true
false
test_vm_basic: all passed
<end of output>
Test time =   0.57 sec
----------------------------------------------------------
Test Passed.
"test_vm_basic" end time: May 04 12:54 中国标准时间
"test_vm_basic" time elapsed: 00:00:00
----------------------------------------------------------

14/30 Testing: test_vm_closures
14/30 Test: test_vm_closures
Command: "C:/Workspace/Repositories/study/aicode/mslang-c/build_stats/tests/Debug/test_vm_closures.exe"
Directory: C:/Workspace/Repositories/study/aicode/mslang-c/build_stats/tests
"test_vm_closures" start time: May 04 12:54 中国标准时间
Output:
----------------------------------------------------------
test_vm_closures: all passed
<end of output>
Test time =   0.58 sec
----------------------------------------------------------
Test Passed.
"test_vm_closures" end time: May 04 12:54 中国标准时间
"test_vm_closures" time elapsed: 00:00:00
----------------------------------------------------------

15/30 Testing: test_vm_control
15/30 Test: test_vm_control
Command: "C:/Workspace/Repositories/study/aicode/mslang-c/build_stats/tests/Debug/test_vm_control.exe"
Directory: C:/Workspace/Repositories/study/aicode/mslang-c/build_stats/tests
"test_vm_control" start time: May 04 12:54 中国标准时间
Output:
----------------------------------------------------------
test_vm_control: all passed
<end of output>
Test time =   0.54 sec
----------------------------------------------------------
Test Passed.
"test_vm_control" end time: May 04 12:54 中国标准时间
"test_vm_control" time elapsed: 00:00:00
----------------------------------------------------------

16/30 Testing: test_gc
16/30 Test: test_gc
Command: "C:/Workspace/Repositories/study/aicode/mslang-c/build_stats/tests/Debug/test_gc.exe"
Directory: C:/Workspace/Repositories/study/aicode/mslang-c/build_stats/tests
"test_gc" start time: May 04 12:54 中国标准时间
Output:
----------------------------------------------------------
alive
test_gc: all passed
<end of output>
Test time =   0.57 sec
----------------------------------------------------------
Test Passed.
"test_gc" end time: May 04 12:54 中国标准时间
"test_gc" time elapsed: 00:00:00
----------------------------------------------------------

17/30 Testing: test_gc_gen
17/30 Test: test_gc_gen
Command: "C:/Workspace/Repositories/study/aicode/mslang-c/build_stats/tests/Debug/test_gc_gen.exe"
Directory: C:/Workspace/Repositories/study/aicode/mslang-c/build_stats/tests
"test_gc_gen" start time: May 04 12:54 中国标准时间
Output:
----------------------------------------------------------
5000
permanent
captured
test_gc_gen: all passed
<end of output>
Test time =   0.57 sec
----------------------------------------------------------
Test Passed.
"test_gc_gen" end time: May 04 12:54 中国标准时间
"test_gc_gen" time elapsed: 00:00:00
----------------------------------------------------------

18/30 Testing: test_oop
18/30 Test: test_oop
Command: "C:/Workspace/Repositories/study/aicode/mslang-c/build_stats/tests/Debug/test_oop.exe"
Directory: C:/Workspace/Repositories/study/aicode/mslang-c/build_stats/tests
"test_oop" start time: May 04 12:54 中国标准时间
Output:
----------------------------------------------------------
<class Foo>
<Foo instance>
1
2
3
Hello, World!
42
hello
test_oop: all passed
<end of output>
Test time =   0.57 sec
----------------------------------------------------------
Test Passed.
"test_oop" end time: May 04 12:54 中国标准时间
"test_oop" time elapsed: 00:00:00
----------------------------------------------------------

19/30 Testing: test_oop_inherit
19/30 Test: test_oop_inherit
Command: "C:/Workspace/Repositories/study/aicode/mslang-c/build_stats/tests/Debug/test_oop_inherit.exe"
Directory: C:/Workspace/Repositories/study/aicode/mslang-c/build_stats/tests
"test_oop_inherit" start time: May 04 12:54 中国标准时间
Output:
----------------------------------------------------------
A
Rex barks
Whiskers makes a sound
Hello from Base and Child
circle
5
16
27
100
212
32
test_oop_inherit: all passed
<end of output>
Test time =   0.60 sec
----------------------------------------------------------
Test Passed.
"test_oop_inherit" end time: May 04 12:54 中国标准时间
"test_oop_inherit" time elapsed: 00:00:00
----------------------------------------------------------

20/30 Testing: test_shapes
20/30 Test: test_shapes
Command: "C:/Workspace/Repositories/study/aicode/mslang-c/build_stats/tests/Debug/test_shapes.exe"
Directory: C:/Workspace/Repositories/study/aicode/mslang-c/build_stats/tests
"test_shapes" start time: May 04 12:54 中国标准时间
Output:
----------------------------------------------------------
4
6
1
2
3
1
10
test_shapes: all passed
<end of output>
Test time =   0.57 sec
----------------------------------------------------------
Test Passed.
"test_shapes" end time: May 04 12:54 中国标准时间
"test_shapes" time elapsed: 00:00:00
----------------------------------------------------------

21/30 Testing: test_collections
21/30 Test: test_collections
Command: "C:/Workspace/Repositories/study/aicode/mslang-c/build_stats/tests/Debug/test_collections.exe"
Directory: C:/Workspace/Repositories/study/aicode/mslang-c/build_stats/tests
"test_collections" start time: May 04 12:54 中国标准时间
Output:
----------------------------------------------------------
2
99
30
[]
Alice
2
1
hello
true
1
4
test_collections: all passed
<end of output>
Test time =   0.52 sec
----------------------------------------------------------
Test Passed.
"test_collections" end time: May 04 12:54 中国标准时间
"test_collections" time elapsed: 00:00:00
----------------------------------------------------------

22/30 Testing: test_builtins
22/30 Test: test_builtins
Command: "C:/Workspace/Repositories/study/aicode/mslang-c/build_stats/tests/Debug/test_builtins.exe"
Directory: C:/Workspace/Repositories/study/aicode/mslang-c/build_stats/tests
"test_builtins" start time: May 04 12:54 中国标准时间
Output:
----------------------------------------------------------
5
HELLO
hello
true
false
true
true
2
-1
hello
hero
el
3
3
3
3
true
2
2
1
3
2
2
6
2
1-2-3
2
true
false
1
1
1
3
true
false
test_builtins: all passed
<end of output>
Test time =   0.59 sec
----------------------------------------------------------
Test Passed.
"test_builtins" end time: May 04 12:54 中国标准时间
"test_builtins" time elapsed: 00:00:00
----------------------------------------------------------

23/30 Testing: test_interp_exec
23/30 Test: test_interp_exec
Command: "C:/Workspace/Repositories/study/aicode/mslang-c/build_stats/tests/Debug/test_interp_exec.exe"
Directory: C:/Workspace/Repositories/study/aicode/mslang-c/build_stats/tests
"test_interp_exec" start time: May 04 12:54 中国标准时间
Output:
----------------------------------------------------------
hello world!
3 items
x = 42
true or false
value is nil
A and B
100
test_interp_exec: all passed
<end of output>
Test time =   0.58 sec
----------------------------------------------------------
Test Passed.
"test_interp_exec" end time: May 04 12:54 中国标准时间
"test_interp_exec" time elapsed: 00:00:00
----------------------------------------------------------

24/30 Testing: test_exceptions
24/30 Test: test_exceptions
Command: "C:/Workspace/Repositories/study/aicode/mslang-c/build_stats/tests/Debug/test_exceptions.exe"
Directory: C:/Workspace/Repositories/study/aicode/mslang-c/build_stats/tests
"test_exceptions" start time: May 04 12:54 中国标准时间
Output:
----------------------------------------------------------
RuntimeError: Uncaught exception: oops
  [line 1] in <script>
test_exceptions: all passed
<end of output>
Test time =   0.57 sec
----------------------------------------------------------
Test Passed.
"test_exceptions" end time: May 04 12:54 中国标准时间
"test_exceptions" time elapsed: 00:00:00
----------------------------------------------------------

25/30 Testing: test_coroutines
25/30 Test: test_coroutines
Command: "C:/Workspace/Repositories/study/aicode/mslang-c/build_stats/tests/Debug/test_coroutines.exe"
Directory: C:/Workspace/Repositories/study/aicode/mslang-c/build_stats/tests
"test_coroutines" start time: May 04 12:54 中国标准时间
Output:
----------------------------------------------------------
test_coroutines: all passed
<end of output>
Test time =   0.57 sec
----------------------------------------------------------
Test Passed.
"test_coroutines" end time: May 04 12:54 中国标准时间
"test_coroutines" time elapsed: 00:00:00
----------------------------------------------------------

26/30 Testing: test_modules
26/30 Test: test_modules
Command: "C:/Workspace/Repositories/study/aicode/mslang-c/build_stats/tests/Debug/test_modules.exe"
Directory: C:/Workspace/Repositories/study/aicode/mslang-c/build_stats/tests
"test_modules" start time: May 04 12:54 中国标准时间
Output:
----------------------------------------------------------
test_modules: all passed
<end of output>
Test time =   0.56 sec
----------------------------------------------------------
Test Passed.
"test_modules" end time: May 04 12:54 中国标准时间
"test_modules" time elapsed: 00:00:00
----------------------------------------------------------

27/30 Testing: test_natives
27/30 Test: test_natives
Command: "C:/Workspace/Repositories/study/aicode/mslang-c/build_stats/tests/Debug/test_natives.exe"
Directory: C:/Workspace/Repositories/study/aicode/mslang-c/build_stats/tests
"test_natives" start time: May 04 12:54 中国标准时间
Output:
----------------------------------------------------------
RuntimeError: Assertion failed.
  [line 1] in <script>
test_natives: all passed
<end of output>
Test time =   0.55 sec
----------------------------------------------------------
Test Passed.
"test_natives" end time: May 04 12:54 中国标准时间
"test_natives" time elapsed: 00:00:00
----------------------------------------------------------

28/30 Testing: test_optimize
28/30 Test: test_optimize
Command: "C:/Workspace/Repositories/study/aicode/mslang-c/build_stats/tests/Debug/test_optimize.exe"
Directory: C:/Workspace/Repositories/study/aicode/mslang-c/build_stats/tests
"test_optimize" start time: May 04 12:54 中国标准时间
Output:
----------------------------------------------------------
test_optimize: all passed
<end of output>
Test time =   0.57 sec
----------------------------------------------------------
Test Passed.
"test_optimize" end time: May 04 12:54 中国标准时间
"test_optimize" time elapsed: 00:00:00
----------------------------------------------------------

29/30 Testing: test_quickening
29/30 Test: test_quickening
Command: "C:/Workspace/Repositories/study/aicode/mslang-c/build_stats/tests/Debug/test_quickening.exe"
Directory: C:/Workspace/Repositories/study/aicode/mslang-c/build_stats/tests
"test_quickening" start time: May 04 12:54 中国标准时间
Output:
----------------------------------------------------------
45
3
4
ab
7
7
7
12
12
12
5
5
5
true
true
true
true
false
true
false
true
true
xxx
test_quickening: all passed
<end of output>
Test time =   0.56 sec
----------------------------------------------------------
Test Passed.
"test_quickening" end time: May 04 12:54 中国标准时间
"test_quickening" time elapsed: 00:00:00
----------------------------------------------------------

30/30 Testing: test_serializer
30/30 Test: test_serializer
Command: "C:/Workspace/Repositories/study/aicode/mslang-c/build_stats/tests/Debug/test_serializer.exe"
Directory: C:/Workspace/Repositories/study/aicode/mslang-c/build_stats/tests
"test_serializer" start time: May 04 12:54 中国标准时间
Output:
----------------------------------------------------------
test_serializer: all passed
<end of output>
Test time =   0.60 sec
----------------------------------------------------------
Test Passed.
"test_serializer" end time: May 04 12:54 中国标准时间
"test_serializer" time elapsed: 00:00:00
----------------------------------------------------------

End testing: May 04 12:54 中国标准时间
